<?xml version="1.0" encoding="UTF-8"?>
<testsuite xmlns:xsi="http://www.w3.org/2001/XMLSchema-instance" xsi:noNamespaceSchemaLocation="https://maven.apache.org/surefire/maven-surefire-plugin/xsd/surefire-test-report.xsd" version="3.0.2" name="pe.edu.upc.ariseapp.Demo3159ApiApplicationTests" time="18.442" tests="1" errors="0" skipped="0" failures="0">
  <properties>
[...]
</properties>
  <testcase name="contextLoads" classname="pe.edu.upc.ariseapp.Demo3159ApiApplicationTests" time="0.668">
    <system-out><![CDATA[18:14:58.039 [main] INFO org.springframework.test.context.support.AnnotationConfigContextLoaderUtils -- Could not detect default configuration classes for test class [pe.edu.upc.ariseapp.Demo3159ApiApplicationTests]: Demo3159ApiApplicationTests does not declare any static, non-private, non-final, nested classes annotated with @Configuration.
18:14:58.190 [main] INFO org.springframework.boot.test.context.SpringBootTestContextBootstrapper -- Found @SpringBootConfiguration pe.edu.upc.ariseapp.AriseApp for test class pe.edu.upc.ariseapp.Demo3159ApiApplicationTests
18:14:58.482 [main] INFO org.springframework.boot.devtools.restart.RestartApplicationListener -- Restart disabled due to context in which it is running

  .   ____          _            __ _ _
 /\\ / ___'_ __ _ _(_)_ __  __ _ \ \ \ \
( ( )\___ | '_ | '_| | '_ \/ _` | \ \ \ \
 \\/  ___)| |_)| | | | | || (_| |  ) ) ) )
  '  |____| .__|_| |_|_| |_\__, | / / / /
 =========|_|==============|___/=/_/_/_/

 :: Spring Boot ::                (v3.4.4)

2025-05-05T18:14:58.888-05:00  INFO 21592 --- [AriseApp] [           main] p.e.u.a.Demo3159ApiApplicationTests      : Starting Demo3159ApiApplicationTests using Java 17.0.15 with PID 21592 (started by piero in C:\Users\piero\Downloads\Proyecto_Apps_Web\AriseApp)
2025-05-05T18:14:58.892-05:00  INFO 21592 --- [AriseApp] [           main] p.e.u.a.Demo3159ApiApplicationTests      : No active profile set, falling back to 1 default profile: "default"
2025-05-05T18:14:59.882-05:00  INFO 21592 --- [AriseApp] [           main] .s.d.r.c.RepositoryConfigurationDelegate : Bootstrapping Spring Data JPA repositories in DEFAULT mode.
2025-05-05T18:14:59.970-05:00  INFO 21592 --- [AriseApp] [           main] .s.d.r.c.RepositoryConfigurationDelegate : Finished Spring Data repository scanning in 75 ms. Found 12 JPA repository interfaces.
2025-05-05T18:15:01.185-05:00  INFO 21592 --- [AriseApp] [           main] o.hibernate.jpa.internal.util.LogHelper  : HHH000204: Processing PersistenceUnitInfo [name: default]
2025-05-05T18:15:01.301-05:00  INFO 21592 --- [AriseApp] [           main] org.hibernate.Version                    : HHH000412: Hibernate ORM core version 6.6.11.Final
2025-05-05T18:15:01.398-05:00  INFO 21592 --- [AriseApp] [           main] o.h.c.internal.RegionFactoryInitiator    : HHH000026: Second-level cache disabled
2025-05-05T18:15:02.027-05:00  INFO 21592 --- [AriseApp] [           main] o.s.o.j.p.SpringPersistenceUnitInfo      : No LoadTimeWeaver setup: ignoring JPA class transformer
2025-05-05T18:15:02.138-05:00  INFO 21592 --- [AriseApp] [           main] com.zaxxer.hikari.HikariDataSource       : HikariPool-1 - Starting...
2025-05-05T18:15:04.482-05:00  INFO 21592 --- [AriseApp] [           main] com.zaxxer.hikari.pool.HikariPool        : HikariPool-1 - Added connection org.postgresql.jdbc.PgConnection@1dcca426
2025-05-05T18:15:04.484-05:00  INFO 21592 --- [AriseApp] [           main] com.zaxxer.hikari.HikariDataSource       : HikariPool-1 - Start completed.
2025-05-05T18:15:04.727-05:00  WARN 21592 --- [AriseApp] [           main] org.hibernate.orm.deprecation            : HHH90000025: PostgreSQLDialect does not need to be specified explicitly using 'hibernate.dialect' (remove the property setting and it will be selected by default)
2025-05-05T18:15:05.134-05:00  INFO 21592 --- [AriseApp] [           main] org.hibernate.orm.connections.pooling    : HHH10001005: Database info:
	Database JDBC URL [Connecting through datasource 'HikariDataSource (HikariPool-1)']
	Database driver: undefined/unknown
	Database version: 15.12
	Autocommit mode: undefined/unknown
	Isolation level: undefined/unknown
	Minimum pool size: undefined/unknown
	Maximum pool size: undefined/unknown
2025-05-05T18:15:06.431-05:00  INFO 21592 --- [AriseApp] [           main] o.h.e.t.j.p.i.JtaPlatformInitiator       : HHH000489: No JTA platform available (set 'hibernate.transaction.jta.platform' to enable JTA platform integration)
Hibernate: create table campaigns (id_campaign integer generated by default as identity, date_campaign date not null, description_campaign varchar(200) not null, name_campaign varchar(200) not null, id_rol bigint not null, primary key (id_campaign))
Hibernate: create table comments (id_comment integer generated by default as identity, category_comment varchar(20) not null, date_comment date not null, description_comment varchar(100) not null, name_forum integer not null, name_user integer not null, primary key (id_comment))
Hibernate: create table donation (id_donation integer generated by default as identity, donation varchar(50) not null, name_donation varchar(50) not null, primary key (id_donation))
Hibernate: create table forum (id_forum integer generated by default as identity, content_forum varchar(200) not null, date_forum date not null, name_forum varchar(45) not null, primary key (id_forum))
Hibernate: create table mission_reward (id_mission_reward integer generated by default as identity, description varchar(200) not null, id_missions integer not null, reward integer not null, primary key (id_mission_reward))
Hibernate: create table missions (id_missions integer generated by default as identity, description varchar(50) not null, name_missions varchar(50) not null, id_user integer not null, primary key (id_missions))
Hibernate: create table review (id_review integer generated by default as identity, category_review varchar(255) not null, qualification_review integer not null, text_review varchar(255) not null, campaign integer not null, missions integer not null, reward integer not null, name_user integer not null, volunteering integer not null, primary key (id_review))
Hibernate: create table reward (id_reward integer generated by default as identity, reward varchar(50) not null, primary key (id_reward))
Hibernate: create table rols (id_rol bigint generated by default as identity, rol varchar(200) not null, id_user integer not null, primary key (id_rol))
Hibernate: create table typedonation (id_type_donation integer generated by default as identity, type_donation varchar(255) not null, id_donation integer not null, primary key (id_type_donation))
Hibernate: create table users (id_user integer generated by default as identity, email_user varchar(45) not null, enabled boolean, name_user varchar(45), number_user varchar(9) not null, password_user varchar(20), primary key (id_user))
Hibernate: create table volunteerings (id_volunteering integer generated by default as identity, activity_volunteering varchar(100) not null, area_volunteering varchar(45) not null, attendance_volunteering boolean not null, name_volunteering varchar(45) not null, name_campaign integer not null, name_donation integer not null, id_rol bigint not null, primary key (id_volunteering))
Hibernate: alter table if exists rols drop constraint if exists UKlgr25op0yf736uhxsseldubpx
2025-05-05T18:15:09.795-05:00  WARN 21592 --- [AriseApp] [           main] o.h.engine.jdbc.spi.SqlExceptionHelper   : SQL Warning Code: 0, SQLState: 00000
2025-05-05T18:15:09.795-05:00  WARN 21592 --- [AriseApp] [           main] o.h.engine.jdbc.spi.SqlExceptionHelper   : constraint "uklgr25op0yf736uhxsseldubpx" of relation "rols" does not exist, skipping
Hibernate: alter table if exists rols add constraint UKlgr25op0yf736uhxsseldubpx unique (id_user, rol)
Hibernate: alter table if exists users drop constraint if exists UK6b6qmheg57yryjh1xva2itww8
2025-05-05T18:15:10.168-05:00  WARN 21592 --- [AriseApp] [           main] o.h.engine.jdbc.spi.SqlExceptionHelper   : SQL Warning Code: 0, SQLState: 00000
2025-05-05T18:15:10.169-05:00  WARN 21592 --- [AriseApp] [           main] o.h.engine.jdbc.spi.SqlExceptionHelper   : constraint "uk6b6qmheg57yryjh1xva2itww8" of relation "users" does not exist, skipping
Hibernate: alter table if exists users add constraint UK6b6qmheg57yryjh1xva2itww8 unique (name_user)
Hibernate: alter table if exists campaigns add constraint FKjk2mmnx75oq58to0ug4hnitk2 foreign key (id_rol) references rols
Hibernate: alter table if exists comments add constraint FKgdahfifg0901bc0fvjcr44bhr foreign key (name_forum) references forum
Hibernate: alter table if exists comments add constraint FKc9ghia3vxsjpvow0ws3rt7t5l foreign key (name_user) references users
Hibernate: alter table if exists mission_reward add constraint FK78t7tnwmvqcex42pijt67630h foreign key (id_missions) references missions
Hibernate: alter table if exists mission_reward add constraint FK6hd7qhx5uogy0w0y7d2aetw1f foreign key (reward) references reward
Hibernate: alter table if exists missions add constraint FK4rqgk9kbpyc6m7xsy9wgioq5d foreign key (id_user) references users
Hibernate: alter table if exists review add constraint FKj6o5k0b5mov1s90y8d5ekpux1 foreign key (campaign) references campaigns
Hibernate: alter table if exists review add constraint FKqk54lq8gm14j4ksedc3sq17i2 foreign key (missions) references missions
Hibernate: alter table if exists review add constraint FKrp9scwk90b3gjvd1uin399qgx foreign key (reward) references reward
Hibernate: alter table if exists review add constraint FK2fjseu50v1niculj8elwu4xut foreign key (name_user) references users
Hibernate: alter table if exists review add constraint FKd2itcmux1un1esn7p5dympusn foreign key (volunteering) references volunteerings
Hibernate: alter table if exists rols add constraint FKoqt5wg7k33h30js6d9hu96a2i foreign key (id_user) references users
Hibernate: alter table if exists typedonation add constraint FKgr236exet9euwoeh20r1uu8kl foreign key (id_donation) references donation
Hibernate: alter table if exists volunteerings add constraint FKqt3559566o8m5cvtso2e347r6 foreign key (name_campaign) references campaigns
Hibernate: alter table if exists volunteerings add constraint FK6r61v3nffd4egf3s5dn8ykpjd foreign key (name_donation) references donation
Hibernate: alter table if exists volunteerings add constraint FK7pj9sj28xh9aol3dqooiq5g3u foreign key (id_rol) references rols
2025-05-05T18:15:13.413-05:00  INFO 21592 --- [AriseApp] [           main] j.LocalContainerEntityManagerFactoryBean : Initialized JPA EntityManagerFactory for persistence unit 'default'
2025-05-05T18:15:14.204-05:00  WARN 21592 --- [AriseApp] [           main] JpaBaseConfiguration$JpaWebConfiguration : spring.jpa.open-in-view is enabled by default. Therefore, database queries may be performed during view rendering. Explicitly configure spring.jpa.open-in-view to disable this warning
2025-05-05T18:15:14.483-05:00  WARN 21592 --- [AriseApp] [           main] r$InitializeUserDetailsManagerConfigurer : Global AuthenticationManager configured with an AuthenticationProvider bean. UserDetailsService beans will not be used by Spring Security for automatically configuring username/password login. Consider removing the AuthenticationProvider bean. Alternatively, consider using the UserDetailsService in a manually instantiated DaoAuthenticationProvider. If the current configuration is intentional, to turn off this warning, increase the logging level of 'org.springframework.security.config.annotation.authentication.configuration.InitializeUserDetailsBeanManagerConfigurer' to ERROR
2025-05-05T18:15:15.296-05:00  INFO 21592 --- [AriseApp] [           main] o.s.v.b.OptionalValidatorFactoryBean     : Failed to set up a Bean Validation provider: jakarta.validation.NoProviderFoundException: Unable to create a Configuration, because no Jakarta Bean Validation provider could be found. Add a provider like Hibernate Validator (RI) to your classpath.
2025-05-05T18:15:15.593-05:00  INFO 21592 --- [AriseApp] [           main] p.e.u.a.Demo3159ApiApplicationTests      : Started Demo3159ApiApplicationTests in 17.131 seconds (process running for 18.523)
]]></system-out>
  </testcase>
</testsuite>